<?xml version="1.0" encoding="UTF-8"?>
<!-- Generated by org.testng.reporters.JUnitReportReporter -->
<testsuite hostname="LAPTOP-7MT187F0" failures="0" tests="2" name="domaciZadatakS21.Zadatak1S21" time="28.826" errors="0" timestamp="2021-02-05T07:50:22 CET" skipped="0">
  <testcase classname="domaciZadatakS21.Zadatak1S21" name="assertInput" time="9.241"/>
  <system-out/>
  <testcase classname="domaciZadatakS21.Zadatak1S21" name="fillInput" time="19.585"/>
  <system-out/>
</testsuite> <!-- domaciZadatakS21.Zadatak1S21 -->
