<?xml version="1.0" encoding="UTF-8"?>
<!-- Generated by org.testng.reporters.JUnitReportReporter -->
<testsuite hostname="LAPTOP-7MT187F0" failures="0" tests="1" name="tools.testTools" time="43.774" errors="0" timestamp="2021-02-07T17:02:02 CET" skipped="0">
  <testcase classname="tools.testTools" name="dodavanjeIbrisanjeKnjige" time="43.774"/>
  <system-out/>
</testsuite> <!-- tools.testTools -->
