<?xml version="1.0" encoding="UTF-8"?>
<!-- Generated by org.testng.reporters.JUnitReportReporter -->
<testsuite hostname="LAPTOP-7MT187F0" failures="0" tests="4" name="tests.ProductTests" time="64.083" errors="0" timestamp="2021-02-07T17:45:42 CET" skipped="0">
  <testcase classname="tests.ProductTests" name="addProductToCart" time="10.649"/>
  <system-out/>
  <testcase classname="tests.ProductTests" name="deleteProductFromCart" time="16.229"/>
  <system-out/>
  <testcase classname="tests.ProductTests" name="add3productsToCart" time="20.548"/>
  <system-out/>
  <testcase classname="tests.ProductTests" name="add2productsToCartAndRemove1" time="16.657"/>
  <system-out/>
</testsuite> <!-- tests.ProductTests -->
