<?xml version="1.0" encoding="UTF-8"?>
<!-- Generated by org.testng.reporters.JUnitReportReporter -->
<testsuite hostname="LAPTOP-7MT187F0" failures="0" tests="4" name="tests.LogInTests" time="68.539" errors="0" timestamp="2021-02-08T08:08:40 CET" skipped="0">
  <testcase classname="tests.LogInTests" name="logIn" time="17.964"/>
  <system-out/>
  <testcase classname="tests.LogInTests" name="logInWithoutCredentials" time="13.068"/>
  <system-out/>
  <testcase classname="tests.LogInTests" name="logInWrongCredentials" time="16.810"/>
  <system-out/>
  <testcase classname="tests.LogInTests" name="logOut" time="20.697"/>
  <system-out/>
</testsuite> <!-- tests.LogInTests -->
