<?xml version="1.0" encoding="UTF-8"?>
<!-- Generated by org.testng.reporters.JUnitReportReporter -->
<testsuite hostname="LAPTOP-7MT187F0" failures="0" tests="1" name="tools.testTools" time="44.147" errors="0" timestamp="2021-02-05T17:53:57 CET" skipped="0">
  <testcase classname="tools.testTools" name="dodavanjeIbrisanjeKnjige" time="44.147"/>
  <system-out/>
</testsuite> <!-- tools.testTools -->
