<?xml version="1.0" encoding="UTF-8"?>
<!-- Generated by org.testng.reporters.JUnitReportReporter -->
<testsuite hostname="LAPTOP-7MT187F0" failures="0" tests="4" name="tests.LogInTests" time="60.201" errors="0" timestamp="2021-02-05T13:50:54 CET" skipped="0">
  <testcase classname="tests.LogInTests" name="logIn" time="13.749"/>
  <system-out/>
  <testcase classname="tests.LogInTests" name="logInWithoutCredentials" time="13.443"/>
  <system-out/>
  <testcase classname="tests.LogInTests" name="logInWrongCredentials" time="14.134"/>
  <system-out/>
  <testcase classname="tests.LogInTests" name="logOut" time="18.875"/>
  <system-out/>
</testsuite> <!-- tests.LogInTests -->
