<?xml version="1.0" encoding="UTF-8"?>
<!-- Generated by org.testng.reporters.JUnitReportReporter -->
<testsuite hostname="LAPTOP-7MT187F0" failures="0" tests="5" name="javaSusret21.TestNGUvod" time="0.030" errors="0" timestamp="2021-02-05T09:33:27 CET" skipped="0">
  <testcase classname="javaSusret21.TestNGUvod" name="test2" time="0.005"/>
  <system-out/>
  <testcase classname="javaSusret21.TestNGUvod" name="test5" time="0.003"/>
  <system-out/>
  <testcase classname="javaSusret21.TestNGUvod" name="test" time="0.010"/>
  <system-out/>
  <testcase classname="javaSusret21.TestNGUvod" name="test4" time="0.008"/>
  <system-out/>
  <testcase classname="javaSusret21.TestNGUvod" name="test3" time="0.004"/>
  <system-out/>
</testsuite> <!-- javaSusret21.TestNGUvod -->
