<?xml version="1.0" encoding="UTF-8"?>
<!-- Generated by org.testng.reporters.JUnitReportReporter -->
<testsuite hostname="LAPTOP-7MT187F0" failures="0" tests="2" name="w3schoolTests.TestsW3" time="51.806" errors="0" timestamp="2021-02-08T12:16:18 CET" skipped="0">
  <testcase classname="w3schoolTests.TestsW3" name="logIn" time="18.558"/>
  <system-out/>
  <testcase classname="w3schoolTests.TestsW3" name="choseJavaCourse" time="33.248"/>
  <system-out/>
</testsuite> <!-- w3schoolTests.TestsW3 -->
