<?xml version="1.0" encoding="UTF-8"?>
<!-- Generated by org.testng.reporters.JUnitReportReporter -->
<testsuite hostname="LAPTOP-7MT187F0" failures="0" tests="2" name="test5tests.Tests" time="51.875" errors="0" timestamp="2021-02-06T17:50:26 CET" skipped="0">
  <testcase classname="test5tests.Tests" name="logIn" time="17.416"/>
  <system-out/>
  <testcase classname="test5tests.Tests" name="addProductToCart" time="34.459"/>
  <system-out/>
</testsuite> <!-- test5tests.Tests -->
