<?xml version="1.0" encoding="UTF-8"?>
<!-- Generated by org.testng.reporters.JUnitReportReporter -->
<testsuite hostname="LAPTOP-7MT187F0" failures="0" tests="4" name="tests.ProductTests" time="62.143" errors="0" timestamp="2021-02-05T14:02:45 CET" skipped="0">
  <testcase classname="tests.ProductTests" name="addProductToCart" time="10.328"/>
  <system-out/>
  <testcase classname="tests.ProductTests" name="deleteProductFromCart" time="15.699"/>
  <system-out/>
  <testcase classname="tests.ProductTests" name="add3productsToCart" time="20.036"/>
  <system-out/>
  <testcase classname="tests.ProductTests" name="add2productsToCartAndRemove1" time="16.080"/>
  <system-out/>
</testsuite> <!-- tests.ProductTests -->
