<?xml version="1.0" encoding="UTF-8"?>
<!-- Generated by org.testng.reporters.JUnitReportReporter -->
<testsuite hostname="LAPTOP-7MT187F0" failures="0" tests="2" name="javaSusret22.SelektoriUvod" time="32.009" errors="0" timestamp="2021-02-05T10:02:58 CET" skipped="0">
  <testcase classname="javaSusret22.SelektoriUvod" name="logIn" time="14.462"/>
  <system-out/>
  <testcase classname="javaSusret22.SelektoriUvod" name="dodavanjeItemaUKorpu" time="17.547"/>
  <system-out/>
</testsuite> <!-- javaSusret22.SelektoriUvod -->
